<?xml version="1.0" encoding="UTF-8"?>
<testsuite name="to.dev.example.MainAppTest" tests="4" skipped="0" failures="0" errors="0" timestamp="2021-08-02T06:47:56" hostname="ChristophersMBP.modem" time="0.046">
  <properties/>
  <testcase name="Given value a and value b, When ADD is called, Then a combination of the two values should be returned()" classname="to.dev.example.MainAppTest" time="0.041"/>
  <testcase name="Given value a and value b, When SUBTRACT is called, Then a valueA is taken away from valueB()" classname="to.dev.example.MainAppTest" time="0.0"/>
  <testcase name="Given value a and value b, When MULTIPLY is called, Then a valueA is taken away from valueB()" classname="to.dev.example.MainAppTest" time="0.001"/>
  <testcase name="Given value a and value b, When DIVIDE is called, Then a valueA is taken away from valueB()" classname="to.dev.example.MainAppTest" time="0.001"/>
  <system-out><![CDATA[]]></system-out>
  <system-err><![CDATA[]]></system-err>
</testsuite>
